DEBUG:asyncio:Using proactor: IocpProactor
INFO:uvicorn.error:Started server process [12348]
INFO:uvicorn.error:Waiting for application startup.
INFO:uvicorn.error:Application startup complete.
WARNING:root:1653832022.629889 - Se recibio peticion /avanzaMotores/Verde
WARNING:root:1653832023.6261938 - Timeout para /avanzaMotores/Verde: V
WARNING:root:1653832023.6743608 - Se recibio peticion /avanzaMotores/Verde
WARNING:root:1653832024.6866188 - Timeout para /avanzaMotores/Verde: V
WARNING:root:1653832024.7255974 - Se recibio peticion /avanzaMotores/Verde
WARNING:root:1653832025.7250552 - Timeout para /avanzaMotores/Verde: V
WARNING:root:1653832025.7853954 - Se recibio peticion /avanzaMotores/Verde
WARNING:root:1653832026.7975318 - Timeout para /avanzaMotores/Verde: V
WARNING:root:1653832026.8363252 - Se recibio peticion /avanzaMotores/Verde
WARNING:root:1653832027.850349 - Timeout para /avanzaMotores/Verde: V
WARNING:root:1653832030.7085056 - Se recibio peticion /avanzaMotores/Verde
WARNING:root:1653832031.7131207 - Timeout para /avanzaMotores/Verde: V
WARNING:root:1653832031.9727592 - Se recibio peticion /avanzaMotores/Verde
WARNING:root:1653832032.965757 - Timeout para /avanzaMotores/Verde: V
WARNING:root:1653832032.9986153 - Se recibio peticion /avanzaMotores/Verde
WARNING:root:1653832034.0193925 - Timeout para /avanzaMotores/Verde: V
WARNING:root:1653832034.2780828 - Se recibio peticion /avanzaMotores/Verde
DEBUG:sse_starlette.sse:chunk: id: message_id
event: connect
data: {"color": "Verde", "status": false, "conexion": 1}
retry: 15000


WARNING:root:1653832035.2756844 - Timeout para /avanzaMotores/Verde: V
WARNING:root:1653832035.3017063 - Se recibio peticion /avanzaMotores/Verde
WARNING:root:1653832036.2964725 - Timeout para /avanzaMotores/Verde: V
WARNING:root:1653832036.3214788 - Se recibio peticion /avanzaMotores/Verde
WARNING:root:1653832037.3359232 - Timeout para /avanzaMotores/Verde: V
WARNING:root:1653832037.5750618 - Se recibio peticion /avanzaMotores/Verde
WARNING:root:1653832038.5559018 - Timeout para /avanzaMotores/Verde: V
WARNING:root:1653832038.5809765 - Se recibio peticion /avanzaMotores/Verde
INFO:uvicorn.error:Shutting down
INFO:uvicorn.error:Waiting for connections to close. (CTRL+C to force quit)
WARNING:root:1653832039.5607035 - Timeout para /avanzaMotores/Verde: V
ERROR:uvicorn.error:ASGI callable returned without completing response.
INFO:uvicorn.error:Waiting for application shutdown.
INFO:uvicorn.error:Application shutdown complete.
INFO:uvicorn.error:Finished server process [12348]
